{"contracts/FundingContract.sol":{"l":{"59":9,"60":0,"62":9,"76":3,"77":3,"78":3,"79":3,"80":3,"81":3,"85":17,"86":17,"88":17,"89":1,"91":16,"92":16,"94":16,"95":16,"97":16,"103":1,"107":2,"111":2,"113":2,"115":2,"117":2,"119":2,"120":0,"122":2,"126":7,"127":7,"129":7,"136":2,"137":2,"138":2,"139":2,"141":0,"145":1,"146":1,"151":1,"152":1,"153":1,"154":1,"155":1,"156":0,"159":1,"166":1,"167":1,"173":0,"177":17,"178":17,"179":17,"182":17,"186":14,"190":1,"194":1,"198":1,"202":1,"208":1,"212":1,"216":0,"220":1,"224":1},"path":"/Users/mohdziyad/Desktop/PGF-Factory/contracts/FundingContract.sol","s":{"1":9,"2":3,"3":17,"4":17,"5":17,"6":16,"7":16,"8":16,"9":16,"10":1,"11":2,"12":2,"13":2,"14":2,"15":2,"16":2,"17":2,"18":7,"19":7,"20":2,"21":2,"22":2,"23":2,"24":0,"25":1,"26":1,"27":1,"28":1,"29":1,"30":1,"31":1,"32":1,"33":1,"34":1,"35":0,"36":17,"37":17,"38":17,"39":17,"40":14,"41":1,"42":1,"43":1,"44":1,"45":1,"46":1,"47":0,"48":1,"49":1},"b":{"1":[0,9],"2":[1,16],"3":[2,0],"4":[2,0],"5":[2,0],"6":[0,2],"7":[7,0],"8":[2,0],"9":[2,0],"10":[1,0],"11":[1,0],"12":[1,0],"13":[1,0],"14":[0,1]},"f":{"1":9,"2":3,"3":17,"4":1,"5":2,"6":7,"7":2,"8":1,"9":1,"10":0,"11":17,"12":14,"13":1,"14":1,"15":1,"16":1,"17":1,"18":1,"19":0,"20":1,"21":1},"fnMap":{"1":{"name":"onlyGroupFunding","line":58,"loc":{"start":{"line":58,"column":4},"end":{"line":63,"column":4}}},"2":{"name":"constructor","line":74,"loc":{"start":{"line":65,"column":4},"end":{"line":82,"column":4}}},"3":{"name":"depositFunds","line":84,"loc":{"start":{"line":84,"column":4},"end":{"line":98,"column":4}}},"4":{"name":"tokenURI","line":100,"loc":{"start":{"line":100,"column":4},"end":{"line":104,"column":4}}},"5":{"name":"claim","line":106,"loc":{"start":{"line":106,"column":4},"end":{"line":123,"column":4}}},"6":{"name":"requestForWithdrawal","line":125,"loc":{"start":{"line":125,"column":4},"end":{"line":130,"column":4}}},"7":{"name":"withdrawalCheck","line":135,"loc":{"start":{"line":135,"column":4},"end":{"line":142,"column":4}}},"8":{"name":"withdrawFunds","line":144,"loc":{"start":{"line":144,"column":4},"end":{"line":160,"column":4}}},"9":{"name":"verifyMerkleTree","line":162,"loc":{"start":{"line":162,"column":4},"end":{"line":168,"column":4}}},"10":{"name":"supportsInterface","line":170,"loc":{"start":{"line":170,"column":4},"end":{"line":174,"column":4}}},"11":{"name":"getMinimumFundingAmount","line":176,"loc":{"start":{"line":176,"column":4},"end":{"line":183,"column":4}}},"12":{"name":"getTotalAmount","line":185,"loc":{"start":{"line":185,"column":4},"end":{"line":187,"column":4}}},"13":{"name":"getWithdrawalFee","line":189,"loc":{"start":{"line":189,"column":4},"end":{"line":191,"column":4}}},"14":{"name":"getVestingPeriod","line":193,"loc":{"start":{"line":193,"column":4},"end":{"line":195,"column":4}}},"15":{"name":"getStartTimestamp","line":197,"loc":{"start":{"line":197,"column":4},"end":{"line":199,"column":4}}},"16":{"name":"getIsGroupWithdrawal","line":201,"loc":{"start":{"line":201,"column":4},"end":{"line":203,"column":4}}},"17":{"name":"getAmountFundedByAddress","line":205,"loc":{"start":{"line":205,"column":4},"end":{"line":209,"column":4}}},"18":{"name":"getFunder","line":211,"loc":{"start":{"line":211,"column":4},"end":{"line":213,"column":4}}},"19":{"name":"getTotalFunders","line":215,"loc":{"start":{"line":215,"column":4},"end":{"line":217,"column":4}}},"20":{"name":"getTokenCounter","line":219,"loc":{"start":{"line":219,"column":4},"end":{"line":221,"column":4}}},"21":{"name":"getWithdrawerCounter","line":223,"loc":{"start":{"line":223,"column":4},"end":{"line":225,"column":4}}}},"statementMap":{"1":{"start":{"line":59,"column":8},"end":{"line":59,"column":1917}},"2":{"start":{"line":81,"column":8},"end":{"line":81,"column":49}},"3":{"start":{"line":85,"column":8},"end":{"line":85,"column":60}},"4":{"start":{"line":86,"column":8},"end":{"line":86,"column":52}},"5":{"start":{"line":88,"column":8},"end":{"line":88,"column":2799}},"6":{"start":{"line":92,"column":8},"end":{"line":92,"column":33}},"7":{"start":{"line":94,"column":8},"end":{"line":94,"column":44}},"8":{"start":{"line":95,"column":8},"end":{"line":95,"column":28}},"9":{"start":{"line":97,"column":8},"end":{"line":97,"column":66}},"10":{"start":{"line":103,"column":8},"end":{"line":103,"column":24}},"11":{"start":{"line":107,"column":8},"end":{"line":107,"column":3408}},"12":{"start":{"line":111,"column":8},"end":{"line":111,"column":69}},"13":{"start":{"line":113,"column":8},"end":{"line":113,"column":16}},"14":{"start":{"line":115,"column":8},"end":{"line":115,"column":43}},"15":{"start":{"line":117,"column":8},"end":{"line":117,"column":78}},"16":{"start":{"line":119,"column":8},"end":{"line":119,"column":3746}},"17":{"start":{"line":122,"column":8},"end":{"line":122,"column":59}},"18":{"start":{"line":127,"column":8},"end":{"line":127,"column":31}},"19":{"start":{"line":129,"column":8},"end":{"line":129,"column":51}},"20":{"start":{"line":136,"column":8},"end":{"line":136,"column":60}},"21":{"start":{"line":137,"column":8},"end":{"line":137,"column":67}},"22":{"start":{"line":138,"column":8},"end":{"line":138,"column":4432}},"23":{"start":{"line":139,"column":12},"end":{"line":139,"column":23}},"24":{"start":{"line":141,"column":8},"end":{"line":141,"column":20}},"25":{"start":{"line":145,"column":8},"end":{"line":145,"column":4610}},"26":{"start":{"line":146,"column":12},"end":{"line":146,"column":4652}},"27":{"start":{"line":151,"column":8},"end":{"line":151,"column":67}},"28":{"start":{"line":152,"column":8},"end":{"line":152,"column":46}},"29":{"start":{"line":153,"column":8},"end":{"line":153,"column":55}},"30":{"start":{"line":154,"column":8},"end":{"line":154,"column":70}},"31":{"start":{"line":155,"column":8},"end":{"line":155,"column":5032}},"32":{"start":{"line":159,"column":8},"end":{"line":159,"column":48}},"33":{"start":{"line":166,"column":8},"end":{"line":166,"column":62}},"34":{"start":{"line":167,"column":8},"end":{"line":167,"column":52}},"35":{"start":{"line":173,"column":8},"end":{"line":173,"column":51}},"36":{"start":{"line":177,"column":8},"end":{"line":177,"column":51}},"37":{"start":{"line":178,"column":8},"end":{"line":178,"column":51}},"38":{"start":{"line":179,"column":8},"end":{"line":179,"column":5796}},"39":{"start":{"line":182,"column":8},"end":{"line":182,"column":54}},"40":{"start":{"line":186,"column":8},"end":{"line":186,"column":28}},"41":{"start":{"line":190,"column":8},"end":{"line":190,"column":30}},"42":{"start":{"line":194,"column":8},"end":{"line":194,"column":25}},"43":{"start":{"line":198,"column":8},"end":{"line":198,"column":31}},"44":{"start":{"line":202,"column":8},"end":{"line":202,"column":33}},"45":{"start":{"line":208,"column":8},"end":{"line":208,"column":46}},"46":{"start":{"line":212,"column":8},"end":{"line":212,"column":31}},"47":{"start":{"line":216,"column":8},"end":{"line":216,"column":31}},"48":{"start":{"line":220,"column":8},"end":{"line":220,"column":34}},"49":{"start":{"line":224,"column":8},"end":{"line":224,"column":37}}},"branchMap":{"1":{"line":59,"type":"if","locations":[{"start":{"line":59,"column":8},"end":{"line":59,"column":8}},{"start":{"line":59,"column":8},"end":{"line":59,"column":8}}]},"2":{"line":88,"type":"if","locations":[{"start":{"line":88,"column":8},"end":{"line":88,"column":8}},{"start":{"line":88,"column":8},"end":{"line":88,"column":8}}]},"3":{"line":106,"type":"if","locations":[{"start":{"line":106,"column":28},"end":{"line":106,"column":28}},{"start":{"line":106,"column":28},"end":{"line":106,"column":28}}]},"4":{"line":107,"type":"if","locations":[{"start":{"line":107,"column":8},"end":{"line":107,"column":8}},{"start":{"line":107,"column":8},"end":{"line":107,"column":8}}]},"5":{"line":111,"type":"if","locations":[{"start":{"line":111,"column":8},"end":{"line":111,"column":8}},{"start":{"line":111,"column":8},"end":{"line":111,"column":8}}]},"6":{"line":119,"type":"if","locations":[{"start":{"line":119,"column":8},"end":{"line":119,"column":8}},{"start":{"line":119,"column":8},"end":{"line":119,"column":8}}]},"7":{"line":125,"type":"if","locations":[{"start":{"line":125,"column":58},"end":{"line":125,"column":58}},{"start":{"line":125,"column":58},"end":{"line":125,"column":58}}]},"8":{"line":135,"type":"if","locations":[{"start":{"line":135,"column":43},"end":{"line":135,"column":43}},{"start":{"line":135,"column":43},"end":{"line":135,"column":43}}]},"9":{"line":138,"type":"if","locations":[{"start":{"line":138,"column":8},"end":{"line":138,"column":8}},{"start":{"line":138,"column":8},"end":{"line":138,"column":8}}]},"10":{"line":144,"type":"if","locations":[{"start":{"line":144,"column":36},"end":{"line":144,"column":36}},{"start":{"line":144,"column":36},"end":{"line":144,"column":36}}]},"11":{"line":145,"type":"if","locations":[{"start":{"line":145,"column":8},"end":{"line":145,"column":8}},{"start":{"line":145,"column":8},"end":{"line":145,"column":8}}]},"12":{"line":146,"type":"if","locations":[{"start":{"line":146,"column":12},"end":{"line":146,"column":12}},{"start":{"line":146,"column":12},"end":{"line":146,"column":12}}]},"13":{"line":152,"type":"if","locations":[{"start":{"line":152,"column":8},"end":{"line":152,"column":8}},{"start":{"line":152,"column":8},"end":{"line":152,"column":8}}]},"14":{"line":155,"type":"if","locations":[{"start":{"line":155,"column":8},"end":{"line":155,"column":8}},{"start":{"line":155,"column":8},"end":{"line":155,"column":8}}]}}},"contracts/PGFFactory.sol":{"l":{"42":0,"46":0,"53":3,"54":3,"55":3,"56":3,"72":0,"80":0,"81":0,"82":0,"83":0,"92":0,"93":0,"94":0,"97":0,"98":0,"99":0,"106":0,"107":0,"113":0,"114":0,"115":0,"120":0},"path":"/Users/mohdziyad/Desktop/PGF-Factory/contracts/PGFFactory.sol","s":{"1":0,"2":3,"3":0,"4":0,"5":0,"6":0,"7":0,"8":0,"9":0,"10":0,"11":0,"12":0,"13":0},"b":{"1":[0,0],"2":[3,0],"3":[0,0],"4":[0,0],"5":[0,0],"6":[0,0],"7":[0,0],"8":[0,0],"9":[0,0]},"f":{"1":0,"2":3,"3":0,"4":0,"5":0,"6":0,"7":0,"8":0},"fnMap":{"1":{"name":"isEnoughEther","line":41,"loc":{"start":{"line":41,"column":4},"end":{"line":47,"column":4}}},"2":{"name":"initialize","line":52,"loc":{"start":{"line":49,"column":4},"end":{"line":57,"column":4}}},"3":{"name":"_authorizeUpgrade","line":61,"loc":{"start":{"line":59,"column":4},"end":{"line":61,"column":54}}},"4":{"name":"createFunding","line":71,"loc":{"start":{"line":64,"column":4},"end":{"line":89,"column":4}}},"5":{"name":"withdraw","line":91,"loc":{"start":{"line":91,"column":4},"end":{"line":100,"column":4}}},"6":{"name":"setCreationFee","line":105,"loc":{"start":{"line":103,"column":4},"end":{"line":108,"column":4}}},"7":{"name":"setPayoutAddress","line":112,"loc":{"start":{"line":110,"column":4},"end":{"line":116,"column":4}}},"8":{"name":"getAddress","line":119,"loc":{"start":{"line":119,"column":4},"end":{"line":121,"column":4}}}},"statementMap":{"1":{"start":{"line":42,"column":8},"end":{"line":42,"column":1348}},"2":{"start":{"line":56,"column":8},"end":{"line":56,"column":49}},"3":{"start":{"line":72,"column":8},"end":{"line":72,"column":2177}},"4":{"start":{"line":83,"column":8},"end":{"line":83,"column":2559}},"5":{"start":{"line":92,"column":8},"end":{"line":92,"column":47}},"6":{"start":{"line":93,"column":8},"end":{"line":93,"column":51}},"7":{"start":{"line":94,"column":8},"end":{"line":94,"column":2885}},"8":{"start":{"line":97,"column":8},"end":{"line":97,"column":51}},"9":{"start":{"line":99,"column":8},"end":{"line":99,"column":55}},"10":{"start":{"line":107,"column":8},"end":{"line":107,"column":45}},"11":{"start":{"line":113,"column":8},"end":{"line":113,"column":68}},"12":{"start":{"line":115,"column":8},"end":{"line":115,"column":49}},"13":{"start":{"line":120,"column":8},"end":{"line":120,"column":47}}},"branchMap":{"1":{"line":42,"type":"if","locations":[{"start":{"line":42,"column":8},"end":{"line":42,"column":8}},{"start":{"line":42,"column":8},"end":{"line":42,"column":8}}]},"2":{"line":52,"type":"if","locations":[{"start":{"line":52,"column":13},"end":{"line":52,"column":13}},{"start":{"line":52,"column":13},"end":{"line":52,"column":13}}]},"3":{"line":61,"type":"if","locations":[{"start":{"line":61,"column":24},"end":{"line":61,"column":24}},{"start":{"line":61,"column":24},"end":{"line":61,"column":24}}]},"4":{"line":71,"type":"if","locations":[{"start":{"line":71,"column":23},"end":{"line":71,"column":23}},{"start":{"line":71,"column":23},"end":{"line":71,"column":23}}]},"5":{"line":91,"type":"if","locations":[{"start":{"line":91,"column":33},"end":{"line":91,"column":33}},{"start":{"line":91,"column":33},"end":{"line":91,"column":33}}]},"6":{"line":97,"type":"if","locations":[{"start":{"line":97,"column":8},"end":{"line":97,"column":8}},{"start":{"line":97,"column":8},"end":{"line":97,"column":8}}]},"7":{"line":105,"type":"if","locations":[{"start":{"line":105,"column":15},"end":{"line":105,"column":15}},{"start":{"line":105,"column":15},"end":{"line":105,"column":15}}]},"8":{"line":112,"type":"if","locations":[{"start":{"line":112,"column":15},"end":{"line":112,"column":15}},{"start":{"line":112,"column":15},"end":{"line":112,"column":15}}]},"9":{"line":113,"type":"if","locations":[{"start":{"line":113,"column":8},"end":{"line":113,"column":8}},{"start":{"line":113,"column":8},"end":{"line":113,"column":8}}]}}}}